<?xml version="1.0" encoding="utf-8" standalone="no"?>
<test-run id="2" testcasecount="41" result="Failed" total="41" passed="27" failed="14" inconclusive="0" skipped="0" asserts="41" engine-version="3.10.0.0" clr-version="4.0.30319.42000" start-time="2019-09-29 14:46:41Z" end-time="2019-09-29 14:46:47Z" duration="6.322087">
  <command-line><![CDATA["C:\Reshma\FinalCertification\LatestFSEFinals\ProjectManagerWebAPI\packages\NUnit.ConsoleRunner.3.10.0\tools\nunit3-console.exe" "C:\Reshma\FinalCertification\LatestFSEFinals\ProjectManagerWebAPI\ProjectManager.DataLayer.Tests\bin\Debug\ProjectManager.DataLayer.Tests.dll"]]></command-line>
  <test-suite type="Assembly" id="0-1042" name="ProjectManager.DataLayer.Tests.dll" fullname="C:\Reshma\FinalCertification\LatestFSEFinals\ProjectManagerWebAPI\ProjectManager.DataLayer.Tests\bin\Debug\ProjectManager.DataLayer.Tests.dll" runstate="Runnable" testcasecount="41" result="Failed" site="Child" start-time="2019-09-29 14:46:43Z" end-time="2019-09-29 14:46:47Z" duration="4.120843" total="41" passed="27" failed="14" warnings="0" inconclusive="0" skipped="0" asserts="41">
    <environment framework-version="3.12.0.0" clr-version="4.0.30319.42000" os-version="Microsoft Windows NT 10.0.16299.0" platform="Win32NT" cwd="C:\Reshma\FinalCertification\LatestFSEFinals\ProjectManagerWebAPI" machine-name="APMDP-ELPT50854" user="reraje" user-domain="ACEINA" culture="en-US" uiculture="en-US" os-architecture="x64" />
    <settings>
      <setting name="DisposeRunners" value="True" />
      <setting name="WorkDirectory" value="C:\Reshma\FinalCertification\LatestFSEFinals\ProjectManagerWebAPI" />
      <setting name="ImageRuntimeVersion" value="4.0.30319" />
      <setting name="ImageTargetFrameworkName" value=".NETFramework,Version=v4.7.2" />
      <setting name="ImageRequiresX86" value="False" />
      <setting name="ImageRequiresDefaultAppDomainAssemblyResolver" value="False" />
      <setting name="NumberOfTestWorkers" value="8" />
    </settings>
    <properties>
      <property name="_PID" value="41772" />
      <property name="_APPDOMAIN" value="domain-" />
    </properties>
    <failure>
      <message><![CDATA[One or more child tests had errors]]></message>
    </failure>
    <test-suite type="TestSuite" id="0-1043" name="ProjectManager" fullname="ProjectManager" runstate="Runnable" testcasecount="41" result="Failed" site="Child" start-time="2019-09-29 14:46:43Z" end-time="2019-09-29 14:46:47Z" duration="4.095863" total="41" passed="27" failed="14" warnings="0" inconclusive="0" skipped="0" asserts="41">
      <failure>
        <message><![CDATA[One or more child tests had errors]]></message>
      </failure>
      <test-suite type="TestSuite" id="0-1044" name="DataLayer" fullname="ProjectManager.DataLayer" runstate="Runnable" testcasecount="41" result="Failed" site="Child" start-time="2019-09-29 14:46:43Z" end-time="2019-09-29 14:46:47Z" duration="4.095226" total="41" passed="27" failed="14" warnings="0" inconclusive="0" skipped="0" asserts="41">
        <failure>
          <message><![CDATA[One or more child tests had errors]]></message>
        </failure>
        <test-suite type="TestSuite" id="0-1045" name="Tests" fullname="ProjectManager.DataLayer.Tests" runstate="Runnable" testcasecount="41" result="Failed" site="Child" start-time="2019-09-29 14:46:43Z" end-time="2019-09-29 14:46:47Z" duration="4.095151" total="41" passed="27" failed="14" warnings="0" inconclusive="0" skipped="0" asserts="41">
          <failure>
            <message><![CDATA[One or more child tests had errors]]></message>
          </failure>
          <test-suite type="TestFixture" id="0-1000" name="ProjectManagerRepositoryTests" fullname="ProjectManager.DataLayer.Tests.ProjectManagerRepositoryTests" classname="ProjectManager.DataLayer.Tests.ProjectManagerRepositoryTests" runstate="Runnable" testcasecount="41" result="Failed" site="Child" start-time="2019-09-29 14:46:43Z" end-time="2019-09-29 14:46:47Z" duration="4.088953" total="41" passed="27" failed="14" warnings="0" inconclusive="0" skipped="0" asserts="41">
            <failure>
              <message><![CDATA[One or more child tests had errors]]></message>
            </failure>
            <test-case id="0-1041" name="DeleteProjectTest" fullname="ProjectManager.DataLayer.Tests.ProjectManagerRepositoryTests.DeleteProjectTest" methodname="DeleteProjectTest" classname="ProjectManager.DataLayer.Tests.ProjectManagerRepositoryTests" runstate="Runnable" seed="900822132" result="Passed" start-time="2019-09-29 14:46:43Z" end-time="2019-09-29 14:46:46Z" duration="3.133979" asserts="1" />
            <test-case id="0-1040" name="DeleteUserTest" fullname="ProjectManager.DataLayer.Tests.ProjectManagerRepositoryTests.DeleteUserTest" methodname="DeleteUserTest" classname="ProjectManager.DataLayer.Tests.ProjectManagerRepositoryTests" runstate="Runnable" seed="146640327" result="Passed" start-time="2019-09-29 14:46:46Z" end-time="2019-09-29 14:46:46Z" duration="0.228209" asserts="1" />
            <test-case id="0-1021" name="GetProjectForInValidDataTest" fullname="ProjectManager.DataLayer.Tests.ProjectManagerRepositoryTests.GetProjectForInValidDataTest" methodname="GetProjectForInValidDataTest" classname="ProjectManager.DataLayer.Tests.ProjectManagerRepositoryTests" runstate="Runnable" seed="1035278325" result="Passed" start-time="2019-09-29 14:46:46Z" end-time="2019-09-29 14:46:46Z" duration="0.020550" asserts="1" />
            <test-case id="0-1015" name="GetProjectsTest" fullname="ProjectManager.DataLayer.Tests.ProjectManagerRepositoryTests.GetProjectsTest" methodname="GetProjectsTest" classname="ProjectManager.DataLayer.Tests.ProjectManagerRepositoryTests" runstate="Runnable" seed="1819552536" result="Passed" start-time="2019-09-29 14:46:46Z" end-time="2019-09-29 14:46:46Z" duration="0.047258" asserts="1" />
            <test-case id="0-1020" name="GetProjectTestForValidDataTest" fullname="ProjectManager.DataLayer.Tests.ProjectManagerRepositoryTests.GetProjectTestForValidDataTest" methodname="GetProjectTestForValidDataTest" classname="ProjectManager.DataLayer.Tests.ProjectManagerRepositoryTests" runstate="Runnable" seed="1609616200" result="Failed" start-time="2019-09-29 14:46:46Z" end-time="2019-09-29 14:46:46Z" duration="0.082759" asserts="1">
              <failure>
                <message><![CDATA[  Expected: not null
  But was:  null
]]></message>
                <stack-trace><![CDATA[   at ProjectManager.DataLayer.Tests.ProjectManagerRepositoryTests.GetProjectTestForValidDataTest() in C:\Reshma\FinalCertification\LatestFSEFinals\ProjectManagerWebAPI\ProjectManager.DataLayer.Tests\ProjectManagerRepositoryTests.cs:line 204
]]></stack-trace>
              </failure>
              <assertions>
                <assertion result="Failed">
                  <message><![CDATA[  Expected: not null
  But was:  null
]]></message>
                  <stack-trace><![CDATA[   at ProjectManager.DataLayer.Tests.ProjectManagerRepositoryTests.GetProjectTestForValidDataTest() in C:\Reshma\FinalCertification\LatestFSEFinals\ProjectManagerWebAPI\ProjectManager.DataLayer.Tests\ProjectManagerRepositoryTests.cs:line 204
]]></stack-trace>
                </assertion>
              </assertions>
            </test-case>
            <test-case id="0-1013" name="GetTasksTest" fullname="ProjectManager.DataLayer.Tests.ProjectManagerRepositoryTests.GetTasksTest" methodname="GetTasksTest" classname="ProjectManager.DataLayer.Tests.ProjectManagerRepositoryTests" runstate="Runnable" seed="200460748" result="Failed" start-time="2019-09-29 14:46:46Z" end-time="2019-09-29 14:46:46Z" duration="0.017752" asserts="1">
              <failure>
                <message><![CDATA[  Expected: not equal to 0
  But was:  0
]]></message>
                <stack-trace><![CDATA[   at ProjectManager.DataLayer.Tests.ProjectManagerRepositoryTests.GetTasksTest() in C:\Reshma\FinalCertification\LatestFSEFinals\ProjectManagerWebAPI\ProjectManager.DataLayer.Tests\ProjectManagerRepositoryTests.cs:line 155
]]></stack-trace>
              </failure>
              <assertions>
                <assertion result="Failed">
                  <message><![CDATA[  Expected: not equal to 0
  But was:  0
]]></message>
                  <stack-trace><![CDATA[   at ProjectManager.DataLayer.Tests.ProjectManagerRepositoryTests.GetTasksTest() in C:\Reshma\FinalCertification\LatestFSEFinals\ProjectManagerWebAPI\ProjectManager.DataLayer.Tests\ProjectManagerRepositoryTests.cs:line 155
]]></stack-trace>
                </assertion>
              </assertions>
            </test-case>
            <test-case id="0-1017" name="GetTaskTestForInValidDataTest" fullname="ProjectManager.DataLayer.Tests.ProjectManagerRepositoryTests.GetTaskTestForInValidDataTest" methodname="GetTaskTestForInValidDataTest" classname="ProjectManager.DataLayer.Tests.ProjectManagerRepositoryTests" runstate="Runnable" seed="1450777113" result="Passed" start-time="2019-09-29 14:46:46Z" end-time="2019-09-29 14:46:46Z" duration="0.014241" asserts="1" />
            <test-case id="0-1016" name="GetTaskTestForValidDataTest" fullname="ProjectManager.DataLayer.Tests.ProjectManagerRepositoryTests.GetTaskTestForValidDataTest" methodname="GetTaskTestForValidDataTest" classname="ProjectManager.DataLayer.Tests.ProjectManagerRepositoryTests" runstate="Runnable" seed="134701417" result="Failed" start-time="2019-09-29 14:46:46Z" end-time="2019-09-29 14:46:46Z" duration="0.013197" asserts="1">
              <failure>
                <message><![CDATA[  Expected: not null
  But was:  null
]]></message>
                <stack-trace><![CDATA[   at ProjectManager.DataLayer.Tests.ProjectManagerRepositoryTests.GetTaskTestForValidDataTest() in C:\Reshma\FinalCertification\LatestFSEFinals\ProjectManagerWebAPI\ProjectManager.DataLayer.Tests\ProjectManagerRepositoryTests.cs:line 176
]]></stack-trace>
              </failure>
              <assertions>
                <assertion result="Failed">
                  <message><![CDATA[  Expected: not null
  But was:  null
]]></message>
                  <stack-trace><![CDATA[   at ProjectManager.DataLayer.Tests.ProjectManagerRepositoryTests.GetTaskTestForValidDataTest() in C:\Reshma\FinalCertification\LatestFSEFinals\ProjectManagerWebAPI\ProjectManager.DataLayer.Tests\ProjectManagerRepositoryTests.cs:line 176
]]></stack-trace>
                </assertion>
              </assertions>
            </test-case>
            <test-case id="0-1014" name="GetUsersTest" fullname="ProjectManager.DataLayer.Tests.ProjectManagerRepositoryTests.GetUsersTest" methodname="GetUsersTest" classname="ProjectManager.DataLayer.Tests.ProjectManagerRepositoryTests" runstate="Runnable" seed="691768714" result="Passed" start-time="2019-09-29 14:46:46Z" end-time="2019-09-29 14:46:46Z" duration="0.014267" asserts="1" />
            <test-case id="0-1019" name="GetUserTestForInValidDataTest" fullname="ProjectManager.DataLayer.Tests.ProjectManagerRepositoryTests.GetUserTestForInValidDataTest" methodname="GetUserTestForInValidDataTest" classname="ProjectManager.DataLayer.Tests.ProjectManagerRepositoryTests" runstate="Runnable" seed="356680886" result="Passed" start-time="2019-09-29 14:46:46Z" end-time="2019-09-29 14:46:46Z" duration="0.012495" asserts="1" />
            <test-case id="0-1018" name="GetUserTestForValidDataTest" fullname="ProjectManager.DataLayer.Tests.ProjectManagerRepositoryTests.GetUserTestForValidDataTest" methodname="GetUserTestForValidDataTest" classname="ProjectManager.DataLayer.Tests.ProjectManagerRepositoryTests" runstate="Runnable" seed="1334349069" result="Failed" start-time="2019-09-29 14:46:46Z" end-time="2019-09-29 14:46:46Z" duration="0.016863" asserts="1">
              <failure>
                <message><![CDATA[  Expected: not null
  But was:  null
]]></message>
                <stack-trace><![CDATA[   at ProjectManager.DataLayer.Tests.ProjectManagerRepositoryTests.GetUserTestForValidDataTest() in C:\Reshma\FinalCertification\LatestFSEFinals\ProjectManagerWebAPI\ProjectManager.DataLayer.Tests\ProjectManagerRepositoryTests.cs:line 190
]]></stack-trace>
              </failure>
              <assertions>
                <assertion result="Failed">
                  <message><![CDATA[  Expected: not null
  But was:  null
]]></message>
                  <stack-trace><![CDATA[   at ProjectManager.DataLayer.Tests.ProjectManagerRepositoryTests.GetUserTestForValidDataTest() in C:\Reshma\FinalCertification\LatestFSEFinals\ProjectManagerWebAPI\ProjectManager.DataLayer.Tests\ProjectManagerRepositoryTests.cs:line 190
]]></stack-trace>
                </assertion>
              </assertions>
            </test-case>
            <test-case id="0-1011" name="InsertParentTaskForInValidDataTest" fullname="ProjectManager.DataLayer.Tests.ProjectManagerRepositoryTests.InsertParentTaskForInValidDataTest" methodname="InsertParentTaskForInValidDataTest" classname="ProjectManager.DataLayer.Tests.ProjectManagerRepositoryTests" runstate="Runnable" seed="884871929" result="Passed" start-time="2019-09-29 14:46:46Z" end-time="2019-09-29 14:46:47Z" duration="0.089662" asserts="1" />
            <test-case id="0-1012" name="InsertParentTaskForNullTest" fullname="ProjectManager.DataLayer.Tests.ProjectManagerRepositoryTests.InsertParentTaskForNullTest" methodname="InsertParentTaskForNullTest" classname="ProjectManager.DataLayer.Tests.ProjectManagerRepositoryTests" runstate="Runnable" seed="788343759" result="Passed" start-time="2019-09-29 14:46:47Z" end-time="2019-09-29 14:46:47Z" duration="0.000611" asserts="1" />
            <test-case id="0-1010" name="InsertParentTaskForValidDataTest" fullname="ProjectManager.DataLayer.Tests.ProjectManagerRepositoryTests.InsertParentTaskForValidDataTest" methodname="InsertParentTaskForValidDataTest" classname="ProjectManager.DataLayer.Tests.ProjectManagerRepositoryTests" runstate="Runnable" seed="670004670" result="Failed" start-time="2019-09-29 14:46:47Z" end-time="2019-09-29 14:46:47Z" duration="0.011017" asserts="1">
              <failure>
                <message><![CDATA[  Expected: True
  But was:  False
]]></message>
                <stack-trace><![CDATA[   at ProjectManager.DataLayer.Tests.ProjectManagerRepositoryTests.InsertParentTaskForValidDataTest() in C:\Reshma\FinalCertification\LatestFSEFinals\ProjectManagerWebAPI\ProjectManager.DataLayer.Tests\ProjectManagerRepositoryTests.cs:line 130
]]></stack-trace>
              </failure>
              <assertions>
                <assertion result="Failed">
                  <message><![CDATA[  Expected: True
  But was:  False
]]></message>
                  <stack-trace><![CDATA[   at ProjectManager.DataLayer.Tests.ProjectManagerRepositoryTests.InsertParentTaskForValidDataTest() in C:\Reshma\FinalCertification\LatestFSEFinals\ProjectManagerWebAPI\ProjectManager.DataLayer.Tests\ProjectManagerRepositoryTests.cs:line 130
]]></stack-trace>
                </assertion>
              </assertions>
            </test-case>
            <test-case id="0-1008" name="InsertProjectForInValidDataTest" fullname="ProjectManager.DataLayer.Tests.ProjectManagerRepositoryTests.InsertProjectForInValidDataTest" methodname="InsertProjectForInValidDataTest" classname="ProjectManager.DataLayer.Tests.ProjectManagerRepositoryTests" runstate="Runnable" seed="1876090767" result="Passed" start-time="2019-09-29 14:46:47Z" end-time="2019-09-29 14:46:47Z" duration="0.003496" asserts="1" />
            <test-case id="0-1009" name="InsertProjectForNullTest" fullname="ProjectManager.DataLayer.Tests.ProjectManagerRepositoryTests.InsertProjectForNullTest" methodname="InsertProjectForNullTest" classname="ProjectManager.DataLayer.Tests.ProjectManagerRepositoryTests" runstate="Runnable" seed="876976507" result="Passed" start-time="2019-09-29 14:46:47Z" end-time="2019-09-29 14:46:47Z" duration="0.000259" asserts="1" />
            <test-case id="0-1007" name="InsertProjectForValidDataTest" fullname="ProjectManager.DataLayer.Tests.ProjectManagerRepositoryTests.InsertProjectForValidDataTest" methodname="InsertProjectForValidDataTest" classname="ProjectManager.DataLayer.Tests.ProjectManagerRepositoryTests" runstate="Runnable" seed="750913901" result="Failed" start-time="2019-09-29 14:46:47Z" end-time="2019-09-29 14:46:47Z" duration="0.001921" asserts="1">
              <failure>
                <message><![CDATA[  Expected: True
  But was:  False
]]></message>
                <stack-trace><![CDATA[   at ProjectManager.DataLayer.Tests.ProjectManagerRepositoryTests.InsertProjectForValidDataTest() in C:\Reshma\FinalCertification\LatestFSEFinals\ProjectManagerWebAPI\ProjectManager.DataLayer.Tests\ProjectManagerRepositoryTests.cs:line 98
]]></stack-trace>
              </failure>
              <assertions>
                <assertion result="Failed">
                  <message><![CDATA[  Expected: True
  But was:  False
]]></message>
                  <stack-trace><![CDATA[   at ProjectManager.DataLayer.Tests.ProjectManagerRepositoryTests.InsertProjectForValidDataTest() in C:\Reshma\FinalCertification\LatestFSEFinals\ProjectManagerWebAPI\ProjectManager.DataLayer.Tests\ProjectManagerRepositoryTests.cs:line 98
]]></stack-trace>
                </assertion>
              </assertions>
            </test-case>
            <test-case id="0-1002" name="InsertTaskForInValidDataTest" fullname="ProjectManager.DataLayer.Tests.ProjectManagerRepositoryTests.InsertTaskForInValidDataTest" methodname="InsertTaskForInValidDataTest" classname="ProjectManager.DataLayer.Tests.ProjectManagerRepositoryTests" runstate="Runnable" seed="35988858" result="Passed" start-time="2019-09-29 14:46:47Z" end-time="2019-09-29 14:46:47Z" duration="0.017709" asserts="1" />
            <test-case id="0-1003" name="InsertTaskForNullTest" fullname="ProjectManager.DataLayer.Tests.ProjectManagerRepositoryTests.InsertTaskForNullTest" methodname="InsertTaskForNullTest" classname="ProjectManager.DataLayer.Tests.ProjectManagerRepositoryTests" runstate="Runnable" seed="813817217" result="Passed" start-time="2019-09-29 14:46:47Z" end-time="2019-09-29 14:46:47Z" duration="0.000287" asserts="1" />
            <test-case id="0-1001" name="InsertTaskForValidDataTest" fullname="ProjectManager.DataLayer.Tests.ProjectManagerRepositoryTests.InsertTaskForValidDataTest" methodname="InsertTaskForValidDataTest" classname="ProjectManager.DataLayer.Tests.ProjectManagerRepositoryTests" runstate="Runnable" seed="1147853701" result="Failed" start-time="2019-09-29 14:46:47Z" end-time="2019-09-29 14:46:47Z" duration="0.002102" asserts="1">
              <failure>
                <message><![CDATA[  Expected: True
  But was:  False
]]></message>
                <stack-trace><![CDATA[   at ProjectManager.DataLayer.Tests.ProjectManagerRepositoryTests.InsertTaskForValidDataTest() in C:\Reshma\FinalCertification\LatestFSEFinals\ProjectManagerWebAPI\ProjectManager.DataLayer.Tests\ProjectManagerRepositoryTests.cs:line 23
]]></stack-trace>
              </failure>
              <assertions>
                <assertion result="Failed">
                  <message><![CDATA[  Expected: True
  But was:  False
]]></message>
                  <stack-trace><![CDATA[   at ProjectManager.DataLayer.Tests.ProjectManagerRepositoryTests.InsertTaskForValidDataTest() in C:\Reshma\FinalCertification\LatestFSEFinals\ProjectManagerWebAPI\ProjectManager.DataLayer.Tests\ProjectManagerRepositoryTests.cs:line 23
]]></stack-trace>
                </assertion>
              </assertions>
            </test-case>
            <test-case id="0-1005" name="InsertUserForInValidDataTest" fullname="ProjectManager.DataLayer.Tests.ProjectManagerRepositoryTests.InsertUserForInValidDataTest" methodname="InsertUserForInValidDataTest" classname="ProjectManager.DataLayer.Tests.ProjectManagerRepositoryTests" runstate="Runnable" seed="1042309131" result="Passed" start-time="2019-09-29 14:46:47Z" end-time="2019-09-29 14:46:47Z" duration="0.004411" asserts="1" />
            <test-case id="0-1006" name="InsertUserForNullTest" fullname="ProjectManager.DataLayer.Tests.ProjectManagerRepositoryTests.InsertUserForNullTest" methodname="InsertUserForNullTest" classname="ProjectManager.DataLayer.Tests.ProjectManagerRepositoryTests" runstate="Runnable" seed="654855087" result="Passed" start-time="2019-09-29 14:46:47Z" end-time="2019-09-29 14:46:47Z" duration="0.000262" asserts="1" />
            <test-case id="0-1004" name="InsertUserForValidDataTest" fullname="ProjectManager.DataLayer.Tests.ProjectManagerRepositoryTests.InsertUserForValidDataTest" methodname="InsertUserForValidDataTest" classname="ProjectManager.DataLayer.Tests.ProjectManagerRepositoryTests" runstate="Runnable" seed="1150312208" result="Failed" start-time="2019-09-29 14:46:47Z" end-time="2019-09-29 14:46:47Z" duration="0.002165" asserts="1">
              <failure>
                <message><![CDATA[  Expected: True
  But was:  False
]]></message>
                <stack-trace><![CDATA[   at ProjectManager.DataLayer.Tests.ProjectManagerRepositoryTests.InsertUserForValidDataTest() in C:\Reshma\FinalCertification\LatestFSEFinals\ProjectManagerWebAPI\ProjectManager.DataLayer.Tests\ProjectManagerRepositoryTests.cs:line 62
]]></stack-trace>
              </failure>
              <assertions>
                <assertion result="Failed">
                  <message><![CDATA[  Expected: True
  But was:  False
]]></message>
                  <stack-trace><![CDATA[   at ProjectManager.DataLayer.Tests.ProjectManagerRepositoryTests.InsertUserForValidDataTest() in C:\Reshma\FinalCertification\LatestFSEFinals\ProjectManagerWebAPI\ProjectManager.DataLayer.Tests\ProjectManagerRepositoryTests.cs:line 62
]]></stack-trace>
                </assertion>
              </assertions>
            </test-case>
            <test-case id="0-1026" name="SearchProjectsForInValidDataTest" fullname="ProjectManager.DataLayer.Tests.ProjectManagerRepositoryTests.SearchProjectsForInValidDataTest" methodname="SearchProjectsForInValidDataTest" classname="ProjectManager.DataLayer.Tests.ProjectManagerRepositoryTests" runstate="Runnable" seed="1296196988" result="Passed" start-time="2019-09-29 14:46:47Z" end-time="2019-09-29 14:46:47Z" duration="0.060485" asserts="1" />
            <test-case id="0-1027" name="SearchProjectsForNullTest" fullname="ProjectManager.DataLayer.Tests.ProjectManagerRepositoryTests.SearchProjectsForNullTest" methodname="SearchProjectsForNullTest" classname="ProjectManager.DataLayer.Tests.ProjectManagerRepositoryTests" runstate="Runnable" seed="863117350" result="Passed" start-time="2019-09-29 14:46:47Z" end-time="2019-09-29 14:46:47Z" duration="0.015007" asserts="1" />
            <test-case id="0-1025" name="SearchProjectsForValidDataTest" fullname="ProjectManager.DataLayer.Tests.ProjectManagerRepositoryTests.SearchProjectsForValidDataTest" methodname="SearchProjectsForValidDataTest" classname="ProjectManager.DataLayer.Tests.ProjectManagerRepositoryTests" runstate="Runnable" seed="318077407" result="Failed" start-time="2019-09-29 14:46:47Z" end-time="2019-09-29 14:46:47Z" duration="0.018162" asserts="1">
              <failure>
                <message><![CDATA[  Expected: not equal to 0
  But was:  0
]]></message>
                <stack-trace><![CDATA[   at ProjectManager.DataLayer.Tests.ProjectManagerRepositoryTests.SearchProjectsForValidDataTest() in C:\Reshma\FinalCertification\LatestFSEFinals\ProjectManagerWebAPI\ProjectManager.DataLayer.Tests\ProjectManagerRepositoryTests.cs:line 239
]]></stack-trace>
              </failure>
              <assertions>
                <assertion result="Failed">
                  <message><![CDATA[  Expected: not equal to 0
  But was:  0
]]></message>
                  <stack-trace><![CDATA[   at ProjectManager.DataLayer.Tests.ProjectManagerRepositoryTests.SearchProjectsForValidDataTest() in C:\Reshma\FinalCertification\LatestFSEFinals\ProjectManagerWebAPI\ProjectManager.DataLayer.Tests\ProjectManagerRepositoryTests.cs:line 239
]]></stack-trace>
                </assertion>
              </assertions>
            </test-case>
            <test-case id="0-1023" name="SearchUsersForInValidDataTest" fullname="ProjectManager.DataLayer.Tests.ProjectManagerRepositoryTests.SearchUsersForInValidDataTest" methodname="SearchUsersForInValidDataTest" classname="ProjectManager.DataLayer.Tests.ProjectManagerRepositoryTests" runstate="Runnable" seed="533166565" result="Passed" start-time="2019-09-29 14:46:47Z" end-time="2019-09-29 14:46:47Z" duration="0.017123" asserts="1" />
            <test-case id="0-1024" name="SearchUsersForNullTest" fullname="ProjectManager.DataLayer.Tests.ProjectManagerRepositoryTests.SearchUsersForNullTest" methodname="SearchUsersForNullTest" classname="ProjectManager.DataLayer.Tests.ProjectManagerRepositoryTests" runstate="Runnable" seed="1327385248" result="Passed" start-time="2019-09-29 14:46:47Z" end-time="2019-09-29 14:46:47Z" duration="0.013952" asserts="1" />
            <test-case id="0-1022" name="SearchUsersForValidDataTest" fullname="ProjectManager.DataLayer.Tests.ProjectManagerRepositoryTests.SearchUsersForValidDataTest" methodname="SearchUsersForValidDataTest" classname="ProjectManager.DataLayer.Tests.ProjectManagerRepositoryTests" runstate="Runnable" seed="1314300248" result="Failed" start-time="2019-09-29 14:46:47Z" end-time="2019-09-29 14:46:47Z" duration="0.019873" asserts="1">
              <failure>
                <message><![CDATA[  Expected: not equal to 0
  But was:  0
]]></message>
                <stack-trace><![CDATA[   at ProjectManager.DataLayer.Tests.ProjectManagerRepositoryTests.SearchUsersForValidDataTest() in C:\Reshma\FinalCertification\LatestFSEFinals\ProjectManagerWebAPI\ProjectManager.DataLayer.Tests\ProjectManagerRepositoryTests.cs:line 218
]]></stack-trace>
              </failure>
              <assertions>
                <assertion result="Failed">
                  <message><![CDATA[  Expected: not equal to 0
  But was:  0
]]></message>
                  <stack-trace><![CDATA[   at ProjectManager.DataLayer.Tests.ProjectManagerRepositoryTests.SearchUsersForValidDataTest() in C:\Reshma\FinalCertification\LatestFSEFinals\ProjectManagerWebAPI\ProjectManager.DataLayer.Tests\ProjectManagerRepositoryTests.cs:line 218
]]></stack-trace>
                </assertion>
              </assertions>
            </test-case>
            <test-case id="0-1038" name="UpdateParentTaskForInValidDataTest" fullname="ProjectManager.DataLayer.Tests.ProjectManagerRepositoryTests.UpdateParentTaskForInValidDataTest" methodname="UpdateParentTaskForInValidDataTest" classname="ProjectManager.DataLayer.Tests.ProjectManagerRepositoryTests" runstate="Runnable" seed="1194541099" result="Passed" start-time="2019-09-29 14:46:47Z" end-time="2019-09-29 14:46:47Z" duration="0.061935" asserts="1" />
            <test-case id="0-1039" name="UpdateParentTaskForNullTest" fullname="ProjectManager.DataLayer.Tests.ProjectManagerRepositoryTests.UpdateParentTaskForNullTest" methodname="UpdateParentTaskForNullTest" classname="ProjectManager.DataLayer.Tests.ProjectManagerRepositoryTests" runstate="Runnable" seed="1962709727" result="Passed" start-time="2019-09-29 14:46:47Z" end-time="2019-09-29 14:46:47Z" duration="0.001941" asserts="1" />
            <test-case id="0-1037" name="UpdateParentTaskForValidDataTest" fullname="ProjectManager.DataLayer.Tests.ProjectManagerRepositoryTests.UpdateParentTaskForValidDataTest" methodname="UpdateParentTaskForValidDataTest" classname="ProjectManager.DataLayer.Tests.ProjectManagerRepositoryTests" runstate="Runnable" seed="1273611455" result="Failed" start-time="2019-09-29 14:46:47Z" end-time="2019-09-29 14:46:47Z" duration="0.014604" asserts="1">
              <failure>
                <message><![CDATA[  Expected: True
  But was:  False
]]></message>
                <stack-trace><![CDATA[   at ProjectManager.DataLayer.Tests.ProjectManagerRepositoryTests.UpdateParentTaskForValidDataTest() in C:\Reshma\FinalCertification\LatestFSEFinals\ProjectManagerWebAPI\ProjectManager.DataLayer.Tests\ProjectManagerRepositoryTests.cs:line 384
]]></stack-trace>
              </failure>
              <assertions>
                <assertion result="Failed">
                  <message><![CDATA[  Expected: True
  But was:  False
]]></message>
                  <stack-trace><![CDATA[   at ProjectManager.DataLayer.Tests.ProjectManagerRepositoryTests.UpdateParentTaskForValidDataTest() in C:\Reshma\FinalCertification\LatestFSEFinals\ProjectManagerWebAPI\ProjectManager.DataLayer.Tests\ProjectManagerRepositoryTests.cs:line 384
]]></stack-trace>
                </assertion>
              </assertions>
            </test-case>
            <test-case id="0-1035" name="UpdateProjectForInValidDataTest" fullname="ProjectManager.DataLayer.Tests.ProjectManagerRepositoryTests.UpdateProjectForInValidDataTest" methodname="UpdateProjectForInValidDataTest" classname="ProjectManager.DataLayer.Tests.ProjectManagerRepositoryTests" runstate="Runnable" seed="1876531718" result="Failed" start-time="2019-09-29 14:46:47Z" end-time="2019-09-29 14:46:47Z" duration="0.014685" asserts="1">
              <failure>
                <message><![CDATA[  Expected: False
  But was:  True
]]></message>
                <stack-trace><![CDATA[   at ProjectManager.DataLayer.Tests.ProjectManagerRepositoryTests.UpdateProjectForInValidDataTest() in C:\Reshma\FinalCertification\LatestFSEFinals\ProjectManagerWebAPI\ProjectManager.DataLayer.Tests\ProjectManagerRepositoryTests.cs:line 365
]]></stack-trace>
              </failure>
              <assertions>
                <assertion result="Failed">
                  <message><![CDATA[  Expected: False
  But was:  True
]]></message>
                  <stack-trace><![CDATA[   at ProjectManager.DataLayer.Tests.ProjectManagerRepositoryTests.UpdateProjectForInValidDataTest() in C:\Reshma\FinalCertification\LatestFSEFinals\ProjectManagerWebAPI\ProjectManager.DataLayer.Tests\ProjectManagerRepositoryTests.cs:line 365
]]></stack-trace>
                </assertion>
              </assertions>
            </test-case>
            <test-case id="0-1036" name="UpdateProjectForNullTest" fullname="ProjectManager.DataLayer.Tests.ProjectManagerRepositoryTests.UpdateProjectForNullTest" methodname="UpdateProjectForNullTest" classname="ProjectManager.DataLayer.Tests.ProjectManagerRepositoryTests" runstate="Runnable" seed="1064535955" result="Passed" start-time="2019-09-29 14:46:47Z" end-time="2019-09-29 14:46:47Z" duration="0.002616" asserts="1" />
            <test-case id="0-1034" name="UpdateProjectForValidDataTest" fullname="ProjectManager.DataLayer.Tests.ProjectManagerRepositoryTests.UpdateProjectForValidDataTest" methodname="UpdateProjectForValidDataTest" classname="ProjectManager.DataLayer.Tests.ProjectManagerRepositoryTests" runstate="Runnable" seed="1247911308" result="Passed" start-time="2019-09-29 14:46:47Z" end-time="2019-09-29 14:46:47Z" duration="0.014973" asserts="1" />
            <test-case id="0-1029" name="UpdateTaskForInValidDataTest" fullname="ProjectManager.DataLayer.Tests.ProjectManagerRepositoryTests.UpdateTaskForInValidDataTest" methodname="UpdateTaskForInValidDataTest" classname="ProjectManager.DataLayer.Tests.ProjectManagerRepositoryTests" runstate="Runnable" seed="1420926573" result="Failed" start-time="2019-09-29 14:46:47Z" end-time="2019-09-29 14:46:47Z" duration="0.018943" asserts="1">
              <failure>
                <message><![CDATA[  Expected: False
  But was:  True
]]></message>
                <stack-trace><![CDATA[   at ProjectManager.DataLayer.Tests.ProjectManagerRepositoryTests.UpdateTaskForInValidDataTest() in C:\Reshma\FinalCertification\LatestFSEFinals\ProjectManagerWebAPI\ProjectManager.DataLayer.Tests\ProjectManagerRepositoryTests.cs:line 289
]]></stack-trace>
              </failure>
              <assertions>
                <assertion result="Failed">
                  <message><![CDATA[  Expected: False
  But was:  True
]]></message>
                  <stack-trace><![CDATA[   at ProjectManager.DataLayer.Tests.ProjectManagerRepositoryTests.UpdateTaskForInValidDataTest() in C:\Reshma\FinalCertification\LatestFSEFinals\ProjectManagerWebAPI\ProjectManager.DataLayer.Tests\ProjectManagerRepositoryTests.cs:line 289
]]></stack-trace>
                </assertion>
              </assertions>
            </test-case>
            <test-case id="0-1030" name="UpdateTaskForNullTest" fullname="ProjectManager.DataLayer.Tests.ProjectManagerRepositoryTests.UpdateTaskForNullTest" methodname="UpdateTaskForNullTest" classname="ProjectManager.DataLayer.Tests.ProjectManagerRepositoryTests" runstate="Runnable" seed="217503515" result="Passed" start-time="2019-09-29 14:46:47Z" end-time="2019-09-29 14:46:47Z" duration="0.001993" asserts="1" />
            <test-case id="0-1028" name="UpdateTaskForValidDataTest" fullname="ProjectManager.DataLayer.Tests.ProjectManagerRepositoryTests.UpdateTaskForValidDataTest" methodname="UpdateTaskForValidDataTest" classname="ProjectManager.DataLayer.Tests.ProjectManagerRepositoryTests" runstate="Runnable" seed="655053993" result="Passed" start-time="2019-09-29 14:46:47Z" end-time="2019-09-29 14:46:47Z" duration="0.013922" asserts="1" />
            <test-case id="0-1032" name="UpdateUserForInValidDataTest" fullname="ProjectManager.DataLayer.Tests.ProjectManagerRepositoryTests.UpdateUserForInValidDataTest" methodname="UpdateUserForInValidDataTest" classname="ProjectManager.DataLayer.Tests.ProjectManagerRepositoryTests" runstate="Runnable" seed="1811279287" result="Failed" start-time="2019-09-29 14:46:47Z" end-time="2019-09-29 14:46:47Z" duration="0.018931" asserts="1">
              <failure>
                <message><![CDATA[  Expected: False
  But was:  True
]]></message>
                <stack-trace><![CDATA[   at ProjectManager.DataLayer.Tests.ProjectManagerRepositoryTests.UpdateUserForInValidDataTest() in C:\Reshma\FinalCertification\LatestFSEFinals\ProjectManagerWebAPI\ProjectManager.DataLayer.Tests\ProjectManagerRepositoryTests.cs:line 328
]]></stack-trace>
              </failure>
              <assertions>
                <assertion result="Failed">
                  <message><![CDATA[  Expected: False
  But was:  True
]]></message>
                  <stack-trace><![CDATA[   at ProjectManager.DataLayer.Tests.ProjectManagerRepositoryTests.UpdateUserForInValidDataTest() in C:\Reshma\FinalCertification\LatestFSEFinals\ProjectManagerWebAPI\ProjectManager.DataLayer.Tests\ProjectManagerRepositoryTests.cs:line 328
]]></stack-trace>
                </assertion>
              </assertions>
            </test-case>
            <test-case id="0-1033" name="UpdateUserForNullTest" fullname="ProjectManager.DataLayer.Tests.ProjectManagerRepositoryTests.UpdateUserForNullTest" methodname="UpdateUserForNullTest" classname="ProjectManager.DataLayer.Tests.ProjectManagerRepositoryTests" runstate="Runnable" seed="63411121" result="Passed" start-time="2019-09-29 14:46:47Z" end-time="2019-09-29 14:46:47Z" duration="0.005154" asserts="1" />
            <test-case id="0-1031" name="UpdateUserForValidDataTest" fullname="ProjectManager.DataLayer.Tests.ProjectManagerRepositoryTests.UpdateUserForValidDataTest" methodname="UpdateUserForValidDataTest" classname="ProjectManager.DataLayer.Tests.ProjectManagerRepositoryTests" runstate="Runnable" seed="174940310" result="Passed" start-time="2019-09-29 14:46:47Z" end-time="2019-09-29 14:46:47Z" duration="0.013520" asserts="1" />
          </test-suite>
        </test-suite>
      </test-suite>
    </test-suite>
  </test-suite>
</test-run>